Analysis & Synthesis report for ParteParqueadero
Tue Jun 13 17:43:11 2023
Quartus II 64-Bit Version 13.1.0 Build 162 10/23/2013 SJ Web Edition


---------------------
; Table of Contents ;
---------------------
  1. Legal Notice
  2. Analysis & Synthesis Summary
  3. Analysis & Synthesis Settings
  4. Parallel Compilation
  5. Analysis & Synthesis Source Files Read
  6. Analysis & Synthesis Resource Usage Summary
  7. Analysis & Synthesis Resource Utilization by Entity
  8. State Machine - |ParteParqueadero|EstadoAnte
  9. State Machine - |ParteParqueadero|ant_state
 10. User-Specified and Inferred Latches
 11. Registers Removed During Synthesis
 12. Removed Registers Triggering Further Register Optimizations
 13. General Register Statistics
 14. Multiplexer Restructuring Statistics (Restructuring Performed)
 15. Port Connectivity Checks: "Contador5minutos:ConteoCosto8"
 16. Port Connectivity Checks: "Contador5minutos:ConteoCosto7"
 17. Port Connectivity Checks: "Contador5minutos:ConteoCosto6"
 18. Port Connectivity Checks: "Contador5minutos:ConteoCosto5"
 19. Port Connectivity Checks: "Contador5minutos:ConteoCosto4"
 20. Port Connectivity Checks: "Contador5minutos:ConteoCosto3"
 21. Port Connectivity Checks: "Contador5minutos:ConteoCosto2"
 22. Port Connectivity Checks: "Contador5minutos:ConteoCosto1"
 23. Port Connectivity Checks: "Parqueadero:ConteoEspacio8"
 24. Port Connectivity Checks: "Parqueadero:ConteoEspacio7"
 25. Port Connectivity Checks: "Parqueadero:ConteoEspacio6"
 26. Port Connectivity Checks: "Parqueadero:ConteoEspacio5"
 27. Port Connectivity Checks: "Parqueadero:ConteoEspacio4"
 28. Port Connectivity Checks: "Parqueadero:ConteoEspacio3"
 29. Port Connectivity Checks: "Parqueadero:ConteoEspacio2"
 30. Port Connectivity Checks: "Parqueadero:ConteoEspacio1"
 31. Port Connectivity Checks: "DivFreq:ContrasenaFallida"
 32. Port Connectivity Checks: "DivFreq:PuertaAbiertaCiertoTiempo"
 33. Elapsed Time Per Partition
 34. Analysis & Synthesis Messages



----------------
; Legal Notice ;
----------------
Copyright (C) 1991-2013 Altera Corporation
Your use of Altera Corporation's design tools, logic functions 
and other software and tools, and its AMPP partner logic 
functions, and any output files from any of the foregoing 
(including device programming or simulation files), and any 
associated documentation or information are expressly subject 
to the terms and conditions of the Altera Program License 
Subscription Agreement, Altera MegaCore Function License 
Agreement, or other applicable license agreement, including, 
without limitation, that your use is for the sole purpose of 
programming logic devices manufactured by Altera and sold by 
Altera or its authorized distributors.  Please refer to the 
applicable agreement for further details.



+---------------------------------------------------------------------------------+
; Analysis & Synthesis Summary                                                    ;
+------------------------------------+--------------------------------------------+
; Analysis & Synthesis Status        ; Successful - Tue Jun 13 17:43:11 2023      ;
; Quartus II 64-Bit Version          ; 13.1.0 Build 162 10/23/2013 SJ Web Edition ;
; Revision Name                      ; ParteParqueadero                           ;
; Top-level Entity Name              ; ParteParqueadero                           ;
; Family                             ; Cyclone III                                ;
; Total logic elements               ; 108                                        ;
;     Total combinational functions  ; 105                                        ;
;     Dedicated logic registers      ; 43                                         ;
; Total registers                    ; 43                                         ;
; Total pins                         ; 47                                         ;
; Total virtual pins                 ; 0                                          ;
; Total memory bits                  ; 0                                          ;
; Embedded Multiplier 9-bit elements ; 0                                          ;
; Total PLLs                         ; 0                                          ;
+------------------------------------+--------------------------------------------+


+----------------------------------------------------------------------------------------------------------------------+
; Analysis & Synthesis Settings                                                                                        ;
+----------------------------------------------------------------------------+--------------------+--------------------+
; Option                                                                     ; Setting            ; Default Value      ;
+----------------------------------------------------------------------------+--------------------+--------------------+
; Device                                                                     ; EP3C16F484C6       ;                    ;
; Top-level entity name                                                      ; ParteParqueadero   ; ParteParqueadero   ;
; Family name                                                                ; Cyclone III        ; Cyclone IV GX      ;
; Use smart compilation                                                      ; Off                ; Off                ;
; Enable parallel Assembler and TimeQuest Timing Analyzer during compilation ; On                 ; On                 ;
; Enable compact report table                                                ; Off                ; Off                ;
; Restructure Multiplexers                                                   ; Auto               ; Auto               ;
; Create Debugging Nodes for IP Cores                                        ; Off                ; Off                ;
; Preserve fewer node names                                                  ; On                 ; On                 ;
; Disable OpenCore Plus hardware evaluation                                  ; Off                ; Off                ;
; Verilog Version                                                            ; Verilog_2001       ; Verilog_2001       ;
; VHDL Version                                                               ; VHDL_1993          ; VHDL_1993          ;
; State Machine Processing                                                   ; Auto               ; Auto               ;
; Safe State Machine                                                         ; Off                ; Off                ;
; Extract Verilog State Machines                                             ; On                 ; On                 ;
; Extract VHDL State Machines                                                ; On                 ; On                 ;
; Ignore Verilog initial constructs                                          ; Off                ; Off                ;
; Iteration limit for constant Verilog loops                                 ; 5000               ; 5000               ;
; Iteration limit for non-constant Verilog loops                             ; 250                ; 250                ;
; Add Pass-Through Logic to Inferred RAMs                                    ; On                 ; On                 ;
; Infer RAMs from Raw Logic                                                  ; On                 ; On                 ;
; Parallel Synthesis                                                         ; On                 ; On                 ;
; DSP Block Balancing                                                        ; Auto               ; Auto               ;
; NOT Gate Push-Back                                                         ; On                 ; On                 ;
; Power-Up Don't Care                                                        ; On                 ; On                 ;
; Remove Redundant Logic Cells                                               ; Off                ; Off                ;
; Remove Duplicate Registers                                                 ; On                 ; On                 ;
; Ignore CARRY Buffers                                                       ; Off                ; Off                ;
; Ignore CASCADE Buffers                                                     ; Off                ; Off                ;
; Ignore GLOBAL Buffers                                                      ; Off                ; Off                ;
; Ignore ROW GLOBAL Buffers                                                  ; Off                ; Off                ;
; Ignore LCELL Buffers                                                       ; Off                ; Off                ;
; Ignore SOFT Buffers                                                        ; On                 ; On                 ;
; Limit AHDL Integers to 32 Bits                                             ; Off                ; Off                ;
; Optimization Technique                                                     ; Balanced           ; Balanced           ;
; Carry Chain Length                                                         ; 70                 ; 70                 ;
; Auto Carry Chains                                                          ; On                 ; On                 ;
; Auto Open-Drain Pins                                                       ; On                 ; On                 ;
; Perform WYSIWYG Primitive Resynthesis                                      ; Off                ; Off                ;
; Auto ROM Replacement                                                       ; On                 ; On                 ;
; Auto RAM Replacement                                                       ; On                 ; On                 ;
; Auto DSP Block Replacement                                                 ; On                 ; On                 ;
; Auto Shift Register Replacement                                            ; Auto               ; Auto               ;
; Allow Shift Register Merging across Hierarchies                            ; Auto               ; Auto               ;
; Auto Clock Enable Replacement                                              ; On                 ; On                 ;
; Strict RAM Replacement                                                     ; Off                ; Off                ;
; Allow Synchronous Control Signals                                          ; On                 ; On                 ;
; Force Use of Synchronous Clear Signals                                     ; Off                ; Off                ;
; Auto RAM Block Balancing                                                   ; On                 ; On                 ;
; Auto RAM to Logic Cell Conversion                                          ; Off                ; Off                ;
; Auto Resource Sharing                                                      ; Off                ; Off                ;
; Allow Any RAM Size For Recognition                                         ; Off                ; Off                ;
; Allow Any ROM Size For Recognition                                         ; Off                ; Off                ;
; Allow Any Shift Register Size For Recognition                              ; Off                ; Off                ;
; Use LogicLock Constraints during Resource Balancing                        ; On                 ; On                 ;
; Ignore translate_off and synthesis_off directives                          ; Off                ; Off                ;
; Timing-Driven Synthesis                                                    ; On                 ; On                 ;
; Report Parameter Settings                                                  ; On                 ; On                 ;
; Report Source Assignments                                                  ; On                 ; On                 ;
; Report Connectivity Checks                                                 ; On                 ; On                 ;
; Ignore Maximum Fan-Out Assignments                                         ; Off                ; Off                ;
; Synchronization Register Chain Length                                      ; 2                  ; 2                  ;
; PowerPlay Power Optimization                                               ; Normal compilation ; Normal compilation ;
; HDL message level                                                          ; Level2             ; Level2             ;
; Suppress Register Optimization Related Messages                            ; Off                ; Off                ;
; Number of Removed Registers Reported in Synthesis Report                   ; 5000               ; 5000               ;
; Number of Swept Nodes Reported in Synthesis Report                         ; 5000               ; 5000               ;
; Number of Inverted Registers Reported in Synthesis Report                  ; 100                ; 100                ;
; Clock MUX Protection                                                       ; On                 ; On                 ;
; Auto Gated Clock Conversion                                                ; Off                ; Off                ;
; Block Design Naming                                                        ; Auto               ; Auto               ;
; SDC constraint protection                                                  ; Off                ; Off                ;
; Synthesis Effort                                                           ; Auto               ; Auto               ;
; Shift Register Replacement - Allow Asynchronous Clear Signal               ; On                 ; On                 ;
; Pre-Mapping Resynthesis Optimization                                       ; Off                ; Off                ;
; Analysis & Synthesis Message Level                                         ; Medium             ; Medium             ;
; Disable Register Merging Across Hierarchies                                ; Auto               ; Auto               ;
; Resource Aware Inference For Block RAM                                     ; On                 ; On                 ;
; Synthesis Seed                                                             ; 1                  ; 1                  ;
+----------------------------------------------------------------------------+--------------------+--------------------+


Parallel compilation was disabled, but you have multiple processors available. Enable parallel compilation to reduce compilation time.
+-------------------------------------+
; Parallel Compilation                ;
+----------------------------+--------+
; Processors                 ; Number ;
+----------------------------+--------+
; Number detected on machine ; 4      ;
; Maximum allowed            ; 1      ;
+----------------------------+--------+


+---------------------------------------------------------------------------------------------------------------------------------------------------+
; Analysis & Synthesis Source Files Read                                                                                                            ;
+-------------------------------------+-----------------+-----------------+---------------------------------------------------------------+---------+
; File Name with User-Entered Path    ; Used in Netlist ; File Type       ; File Name with Absolute Path                                  ; Library ;
+-------------------------------------+-----------------+-----------------+---------------------------------------------------------------+---------+
; ../PartesParcial3/BCD7Seg.vhd       ; yes             ; User VHDL File  ; F:/U/Vhdl/ParcialACTTWO/PartesParcial3/BCD7Seg.vhd            ;         ;
; ../Contado5Min/Contador5minutos.vhd ; yes             ; User VHDL File  ; F:/U/Vhdl/ParcialACTTWO/Contado5Min/Contador5minutos.vhd      ;         ;
; ../Parcial/Parqueadero.vhd          ; yes             ; User VHDL File  ; F:/U/Vhdl/ParcialACTTWO/Parcial/Parqueadero.vhd               ;         ;
; ../DivFreq/DivFreq.vhd              ; yes             ; User VHDL File  ; F:/U/Vhdl/ParcialACTTWO/DivFreq/DivFreq.vhd                   ;         ;
; ParteParqueadero.vhd                ; yes             ; User VHDL File  ; F:/U/Vhdl/ParcialACTTWO/ParteParqueadero/ParteParqueadero.vhd ;         ;
+-------------------------------------+-----------------+-----------------+---------------------------------------------------------------+---------+


+-----------------------------------------------------------+
; Analysis & Synthesis Resource Usage Summary               ;
+---------------------------------------------+-------------+
; Resource                                    ; Usage       ;
+---------------------------------------------+-------------+
; Estimated Total logic elements              ; 108         ;
;                                             ;             ;
; Total combinational functions               ; 105         ;
; Logic element usage by number of LUT inputs ;             ;
;     -- 4 input functions                    ; 44          ;
;     -- 3 input functions                    ; 14          ;
;     -- <=2 input functions                  ; 47          ;
;                                             ;             ;
; Logic elements by mode                      ;             ;
;     -- normal mode                          ; 81          ;
;     -- arithmetic mode                      ; 24          ;
;                                             ;             ;
; Total registers                             ; 43          ;
;     -- Dedicated logic registers            ; 43          ;
;     -- I/O registers                        ; 0           ;
;                                             ;             ;
; I/O pins                                    ; 47          ;
; Embedded Multiplier 9-bit elements          ; 0           ;
; Maximum fan-out node                        ; Clock~input ;
; Maximum fan-out                             ; 36          ;
; Total fan-out                               ; 495         ;
; Average fan-out                             ; 2.05        ;
+---------------------------------------------+-------------+


+-------------------------------------------------------------------------------------------------------------------------------------------------------------------------------------------------------------------------+
; Analysis & Synthesis Resource Utilization by Entity                                                                                                                                                                     ;
+----------------------------------------+-------------------+--------------+-------------+--------------+---------+-----------+------+--------------+-----------------------------------------------------+--------------+
; Compilation Hierarchy Node             ; LC Combinationals ; LC Registers ; Memory Bits ; DSP Elements ; DSP 9x9 ; DSP 18x18 ; Pins ; Virtual Pins ; Full Hierarchy Name                                 ; Library Name ;
+----------------------------------------+-------------------+--------------+-------------+--------------+---------+-----------+------+--------------+-----------------------------------------------------+--------------+
; |ParteParqueadero                      ; 105 (48)          ; 43 (12)      ; 0           ; 0            ; 0       ; 0         ; 47   ; 0            ; |ParteParqueadero                                   ; work         ;
;    |BCD7seg:SieteSegmentosEspacios|    ; 7 (7)             ; 0 (0)        ; 0           ; 0            ; 0       ; 0         ; 0    ; 0            ; |ParteParqueadero|BCD7seg:SieteSegmentosEspacios    ; work         ;
;    |DivFreq:PuertaAbiertaCiertoTiempo| ; 50 (50)           ; 31 (31)      ; 0           ; 0            ; 0       ; 0         ; 0    ; 0            ; |ParteParqueadero|DivFreq:PuertaAbiertaCiertoTiempo ; work         ;
+----------------------------------------+-------------------+--------------+-------------+--------------+---------+-----------+------+--------------+-----------------------------------------------------+--------------+
Note: For table entries with two numbers listed, the numbers in parentheses indicate the number of resources of the given type used by the specific entity alone. The numbers listed outside of parentheses indicate the total resources of the given type used by the specific entity and all of its sub-entities in the hierarchy.


Encoding Type:  One-Hot
+--------------------------------------------------------------------------------------------------------+
; State Machine - |ParteParqueadero|EstadoAnte                                                           ;
+--------------------+--------------------+--------------------+--------------------+--------------------+
; Name               ; EstadoAnte.Fallido ; EstadoAnte.Tercero ; EstadoAnte.Segundo ; EstadoAnte.Primero ;
+--------------------+--------------------+--------------------+--------------------+--------------------+
; EstadoAnte.Primero ; 0                  ; 0                  ; 0                  ; 0                  ;
; EstadoAnte.Segundo ; 0                  ; 0                  ; 1                  ; 1                  ;
; EstadoAnte.Tercero ; 0                  ; 1                  ; 0                  ; 1                  ;
; EstadoAnte.Fallido ; 1                  ; 0                  ; 0                  ; 1                  ;
+--------------------+--------------------+--------------------+--------------------+--------------------+


Encoding Type:  One-Hot
+----------------------------------------------------------------------------------------------------------------------------------+
; State Machine - |ParteParqueadero|ant_state                                                                                      ;
+-----------------------+-------------------+-----------------------+--------------------+----------------------+------------------+
; Name                  ; ant_state.ingreso ; ant_state.Desaprovado ; ant_state.aprovado ; ant_state.Contrasena ; ant_state.inicio ;
+-----------------------+-------------------+-----------------------+--------------------+----------------------+------------------+
; ant_state.inicio      ; 0                 ; 0                     ; 0                  ; 0                    ; 0                ;
; ant_state.Contrasena  ; 0                 ; 0                     ; 0                  ; 1                    ; 1                ;
; ant_state.aprovado    ; 0                 ; 0                     ; 1                  ; 0                    ; 1                ;
; ant_state.Desaprovado ; 0                 ; 1                     ; 0                  ; 0                    ; 1                ;
; ant_state.ingreso     ; 1                 ; 0                     ; 0                  ; 0                    ; 1                ;
+-----------------------+-------------------+-----------------------+--------------------+----------------------+------------------+


+---------------------------------------------------------------------------------------------------+
; User-Specified and Inferred Latches                                                               ;
+----------------------------------------------------+---------------------+------------------------+
; Latch Name                                         ; Latch Enable Signal ; Free of Timing Hazards ;
+----------------------------------------------------+---------------------+------------------------+
; AbrirPuerta                                        ; ant_state.inicio    ; yes                    ;
; CerrarPuerta                                       ; ant_state.inicio    ; yes                    ;
; Espacios[0]                                        ; Espacios[3]         ; yes                    ;
; Espacios[1]                                        ; Espacios[3]         ; yes                    ;
; Espacios[2]                                        ; Espacios[3]         ; yes                    ;
; Espacios[3]                                        ; Espacios[3]         ; yes                    ;
; BeginContarPuerta                                  ; Selector12          ; yes                    ;
; MomentoContra                                      ; ant_state.inicio    ; yes                    ;
; Number of user-specified and inferred latches = 8  ;                     ;                        ;
+----------------------------------------------------+---------------------+------------------------+
Note: All latches listed above may not be present at the end of synthesis due to various synthesis optimizations.


+--------------------------------------------------------------------------------------------------+
; Registers Removed During Synthesis                                                               ;
+---------------------------------------------------------+----------------------------------------+
; Register name                                           ; Reason for Removal                     ;
+---------------------------------------------------------+----------------------------------------+
; Contador5minutos:ConteoCosto8|Costo[0..3]               ; Stuck at GND due to stuck port data_in ;
; Contador5minutos:ConteoCosto7|Costo[0..3]               ; Stuck at GND due to stuck port data_in ;
; Contador5minutos:ConteoCosto6|Costo[0..3]               ; Stuck at GND due to stuck port data_in ;
; Contador5minutos:ConteoCosto5|Costo[0..3]               ; Stuck at GND due to stuck port data_in ;
; Contador5minutos:ConteoCosto4|Costo[0..3]               ; Stuck at GND due to stuck port data_in ;
; Contador5minutos:ConteoCosto3|Costo[0..3]               ; Stuck at GND due to stuck port data_in ;
; Contador5minutos:ConteoCosto2|Costo[0..3]               ; Stuck at GND due to stuck port data_in ;
; Contador5minutos:ConteoCosto1|Costo[0..3]               ; Stuck at GND due to stuck port data_in ;
; Contador5minutos:ConteoCosto8|\ContadorSeg:count2[0..2] ; Lost fanout                            ;
; Contador5minutos:ConteoCosto7|\ContadorSeg:count2[0..2] ; Lost fanout                            ;
; Contador5minutos:ConteoCosto6|\ContadorSeg:count2[0..2] ; Lost fanout                            ;
; Contador5minutos:ConteoCosto5|\ContadorSeg:count2[0..2] ; Lost fanout                            ;
; Contador5minutos:ConteoCosto4|\ContadorSeg:count2[0..2] ; Lost fanout                            ;
; Contador5minutos:ConteoCosto3|\ContadorSeg:count2[0..2] ; Lost fanout                            ;
; Contador5minutos:ConteoCosto2|\ContadorSeg:count2[0..2] ; Lost fanout                            ;
; Contador5minutos:ConteoCosto1|\ContadorSeg:count2[0..2] ; Lost fanout                            ;
; Parqueadero:ConteoEspacio8|\ContadorSeg:count2[0..24]   ; Lost fanout                            ;
; Parqueadero:ConteoEspacio8|out2                         ; Lost fanout                            ;
; Parqueadero:ConteoEspacio7|\ContadorSeg:count2[0..24]   ; Lost fanout                            ;
; Parqueadero:ConteoEspacio7|out2                         ; Lost fanout                            ;
; Parqueadero:ConteoEspacio6|\ContadorSeg:count2[0..24]   ; Lost fanout                            ;
; Parqueadero:ConteoEspacio6|out2                         ; Lost fanout                            ;
; Parqueadero:ConteoEspacio5|\ContadorSeg:count2[0..24]   ; Lost fanout                            ;
; Parqueadero:ConteoEspacio5|out2                         ; Lost fanout                            ;
; Parqueadero:ConteoEspacio4|\ContadorSeg:count2[0..24]   ; Lost fanout                            ;
; Parqueadero:ConteoEspacio4|out2                         ; Lost fanout                            ;
; Parqueadero:ConteoEspacio3|\ContadorSeg:count2[0..24]   ; Lost fanout                            ;
; Parqueadero:ConteoEspacio3|out2                         ; Lost fanout                            ;
; Parqueadero:ConteoEspacio2|\ContadorSeg:count2[0..24]   ; Lost fanout                            ;
; Parqueadero:ConteoEspacio2|out2                         ; Lost fanout                            ;
; Parqueadero:ConteoEspacio1|\ContadorSeg:count2[0..24]   ; Lost fanout                            ;
; Parqueadero:ConteoEspacio1|out2                         ; Lost fanout                            ;
; DivFreq:PuertaAbiertaCiertoTiempo|Contador[3]           ; Lost fanout                            ;
; Total Number of Removed Registers = 265                 ;                                        ;
+---------------------------------------------------------+----------------------------------------+


+----------------------------------------------------------------------------------------------------------------------------+
; Removed Registers Triggering Further Register Optimizations                                                                ;
+----------------------------------------+---------------------------+-------------------------------------------------------+
; Register name                          ; Reason for Removal        ; Registers Removed due to This Register                ;
+----------------------------------------+---------------------------+-------------------------------------------------------+
; Contador5minutos:ConteoCosto8|Costo[3] ; Stuck at GND              ; Contador5minutos:ConteoCosto8|\ContadorSeg:count2[2], ;
;                                        ; due to stuck port data_in ; Contador5minutos:ConteoCosto8|\ContadorSeg:count2[1], ;
;                                        ;                           ; Parqueadero:ConteoEspacio8|out2                       ;
; Contador5minutos:ConteoCosto7|Costo[3] ; Stuck at GND              ; Contador5minutos:ConteoCosto7|\ContadorSeg:count2[2], ;
;                                        ; due to stuck port data_in ; Contador5minutos:ConteoCosto7|\ContadorSeg:count2[1], ;
;                                        ;                           ; Parqueadero:ConteoEspacio7|out2                       ;
; Contador5minutos:ConteoCosto6|Costo[3] ; Stuck at GND              ; Contador5minutos:ConteoCosto6|\ContadorSeg:count2[2], ;
;                                        ; due to stuck port data_in ; Contador5minutos:ConteoCosto6|\ContadorSeg:count2[1], ;
;                                        ;                           ; Parqueadero:ConteoEspacio6|out2                       ;
; Contador5minutos:ConteoCosto5|Costo[3] ; Stuck at GND              ; Contador5minutos:ConteoCosto5|\ContadorSeg:count2[2], ;
;                                        ; due to stuck port data_in ; Contador5minutos:ConteoCosto5|\ContadorSeg:count2[1], ;
;                                        ;                           ; Parqueadero:ConteoEspacio5|out2                       ;
; Contador5minutos:ConteoCosto4|Costo[3] ; Stuck at GND              ; Contador5minutos:ConteoCosto4|\ContadorSeg:count2[2], ;
;                                        ; due to stuck port data_in ; Contador5minutos:ConteoCosto4|\ContadorSeg:count2[1], ;
;                                        ;                           ; Parqueadero:ConteoEspacio4|out2                       ;
; Contador5minutos:ConteoCosto3|Costo[3] ; Stuck at GND              ; Contador5minutos:ConteoCosto3|\ContadorSeg:count2[2], ;
;                                        ; due to stuck port data_in ; Contador5minutos:ConteoCosto3|\ContadorSeg:count2[1], ;
;                                        ;                           ; Parqueadero:ConteoEspacio3|out2                       ;
; Contador5minutos:ConteoCosto2|Costo[3] ; Stuck at GND              ; Contador5minutos:ConteoCosto2|\ContadorSeg:count2[2], ;
;                                        ; due to stuck port data_in ; Contador5minutos:ConteoCosto2|\ContadorSeg:count2[1], ;
;                                        ;                           ; Parqueadero:ConteoEspacio2|out2                       ;
; Contador5minutos:ConteoCosto1|Costo[3] ; Stuck at GND              ; Contador5minutos:ConteoCosto1|\ContadorSeg:count2[2], ;
;                                        ; due to stuck port data_in ; Contador5minutos:ConteoCosto1|\ContadorSeg:count2[1], ;
;                                        ;                           ; Parqueadero:ConteoEspacio1|out2                       ;
+----------------------------------------+---------------------------+-------------------------------------------------------+


+------------------------------------------------------+
; General Register Statistics                          ;
+----------------------------------------------+-------+
; Statistic                                    ; Value ;
+----------------------------------------------+-------+
; Total registers                              ; 43    ;
; Number of registers using Synchronous Clear  ; 0     ;
; Number of registers using Synchronous Load   ; 0     ;
; Number of registers using Asynchronous Clear ; 10    ;
; Number of registers using Asynchronous Load  ; 0     ;
; Number of registers using Clock Enable       ; 28    ;
; Number of registers using Preset             ; 0     ;
+----------------------------------------------+-------+


+--------------------------------------------------------------------------------------------------------------------------------------------+
; Multiplexer Restructuring Statistics (Restructuring Performed)                                                                             ;
+--------------------+-----------+---------------+----------------------+------------------------+------------+------------------------------+
; Multiplexer Inputs ; Bus Width ; Baseline Area ; Area if Restructured ; Saving if Restructured ; Registered ; Example Multiplexer Output   ;
+--------------------+-----------+---------------+----------------------+------------------------+------------+------------------------------+
; 4:1                ; 2 bits    ; 4 LEs         ; 4 LEs                ; 0 LEs                  ; No         ; |ParteParqueadero|Selector15 ;
+--------------------+-----------+---------------+----------------------+------------------------+------------+------------------------------+


+-----------------------------------------------------------------------------------------------------------------------+
; Port Connectivity Checks: "Contador5minutos:ConteoCosto8"                                                             ;
+-------------+--------+----------+-------------------------------------------------------------------------------------+
; Port        ; Type   ; Severity ; Details                                                                             ;
+-------------+--------+----------+-------------------------------------------------------------------------------------+
; defuni      ; Output ; Info     ; Connected to dangling logic. Logic that only feeds a dangling port will be removed. ;
; costo[9..4] ; Output ; Info     ; Connected to dangling logic. Logic that only feeds a dangling port will be removed. ;
+-------------+--------+----------+-------------------------------------------------------------------------------------+


+-----------------------------------------------------------------------------------------------------------------------+
; Port Connectivity Checks: "Contador5minutos:ConteoCosto7"                                                             ;
+-------------+--------+----------+-------------------------------------------------------------------------------------+
; Port        ; Type   ; Severity ; Details                                                                             ;
+-------------+--------+----------+-------------------------------------------------------------------------------------+
; defuni      ; Output ; Info     ; Connected to dangling logic. Logic that only feeds a dangling port will be removed. ;
; costo[9..4] ; Output ; Info     ; Connected to dangling logic. Logic that only feeds a dangling port will be removed. ;
+-------------+--------+----------+-------------------------------------------------------------------------------------+


+-----------------------------------------------------------------------------------------------------------------------+
; Port Connectivity Checks: "Contador5minutos:ConteoCosto6"                                                             ;
+-------------+--------+----------+-------------------------------------------------------------------------------------+
; Port        ; Type   ; Severity ; Details                                                                             ;
+-------------+--------+----------+-------------------------------------------------------------------------------------+
; defuni      ; Output ; Info     ; Connected to dangling logic. Logic that only feeds a dangling port will be removed. ;
; costo[9..4] ; Output ; Info     ; Connected to dangling logic. Logic that only feeds a dangling port will be removed. ;
+-------------+--------+----------+-------------------------------------------------------------------------------------+


+-----------------------------------------------------------------------------------------------------------------------+
; Port Connectivity Checks: "Contador5minutos:ConteoCosto5"                                                             ;
+-------------+--------+----------+-------------------------------------------------------------------------------------+
; Port        ; Type   ; Severity ; Details                                                                             ;
+-------------+--------+----------+-------------------------------------------------------------------------------------+
; defuni      ; Output ; Info     ; Connected to dangling logic. Logic that only feeds a dangling port will be removed. ;
; costo[9..4] ; Output ; Info     ; Connected to dangling logic. Logic that only feeds a dangling port will be removed. ;
+-------------+--------+----------+-------------------------------------------------------------------------------------+


+-----------------------------------------------------------------------------------------------------------------------+
; Port Connectivity Checks: "Contador5minutos:ConteoCosto4"                                                             ;
+-------------+--------+----------+-------------------------------------------------------------------------------------+
; Port        ; Type   ; Severity ; Details                                                                             ;
+-------------+--------+----------+-------------------------------------------------------------------------------------+
; defuni      ; Output ; Info     ; Connected to dangling logic. Logic that only feeds a dangling port will be removed. ;
; costo[9..4] ; Output ; Info     ; Connected to dangling logic. Logic that only feeds a dangling port will be removed. ;
+-------------+--------+----------+-------------------------------------------------------------------------------------+


+-----------------------------------------------------------------------------------------------------------------------+
; Port Connectivity Checks: "Contador5minutos:ConteoCosto3"                                                             ;
+-------------+--------+----------+-------------------------------------------------------------------------------------+
; Port        ; Type   ; Severity ; Details                                                                             ;
+-------------+--------+----------+-------------------------------------------------------------------------------------+
; defuni      ; Output ; Info     ; Connected to dangling logic. Logic that only feeds a dangling port will be removed. ;
; costo[9..4] ; Output ; Info     ; Connected to dangling logic. Logic that only feeds a dangling port will be removed. ;
+-------------+--------+----------+-------------------------------------------------------------------------------------+


+-----------------------------------------------------------------------------------------------------------------------+
; Port Connectivity Checks: "Contador5minutos:ConteoCosto2"                                                             ;
+-------------+--------+----------+-------------------------------------------------------------------------------------+
; Port        ; Type   ; Severity ; Details                                                                             ;
+-------------+--------+----------+-------------------------------------------------------------------------------------+
; defuni      ; Output ; Info     ; Connected to dangling logic. Logic that only feeds a dangling port will be removed. ;
; costo[9..4] ; Output ; Info     ; Connected to dangling logic. Logic that only feeds a dangling port will be removed. ;
+-------------+--------+----------+-------------------------------------------------------------------------------------+


+-----------------------------------------------------------------------------------------------------------------------+
; Port Connectivity Checks: "Contador5minutos:ConteoCosto1"                                                             ;
+-------------+--------+----------+-------------------------------------------------------------------------------------+
; Port        ; Type   ; Severity ; Details                                                                             ;
+-------------+--------+----------+-------------------------------------------------------------------------------------+
; defuni      ; Output ; Info     ; Connected to dangling logic. Logic that only feeds a dangling port will be removed. ;
; costo[9..4] ; Output ; Info     ; Connected to dangling logic. Logic that only feeds a dangling port will be removed. ;
+-------------+--------+----------+-------------------------------------------------------------------------------------+


+---------------------------------------------------------------------------------------------------------------------+
; Port Connectivity Checks: "Parqueadero:ConteoEspacio8"                                                              ;
+-----------+--------+----------+-------------------------------------------------------------------------------------+
; Port      ; Type   ; Severity ; Details                                                                             ;
+-----------+--------+----------+-------------------------------------------------------------------------------------+
; rtcseguni ; Output ; Info     ; Connected to dangling logic. Logic that only feeds a dangling port will be removed. ;
; rtcsegdec ; Output ; Info     ; Connected to dangling logic. Logic that only feeds a dangling port will be removed. ;
+-----------+--------+----------+-------------------------------------------------------------------------------------+


+---------------------------------------------------------------------------------------------------------------------+
; Port Connectivity Checks: "Parqueadero:ConteoEspacio7"                                                              ;
+-----------+--------+----------+-------------------------------------------------------------------------------------+
; Port      ; Type   ; Severity ; Details                                                                             ;
+-----------+--------+----------+-------------------------------------------------------------------------------------+
; rtcseguni ; Output ; Info     ; Connected to dangling logic. Logic that only feeds a dangling port will be removed. ;
; rtcsegdec ; Output ; Info     ; Connected to dangling logic. Logic that only feeds a dangling port will be removed. ;
+-----------+--------+----------+-------------------------------------------------------------------------------------+


+---------------------------------------------------------------------------------------------------------------------+
; Port Connectivity Checks: "Parqueadero:ConteoEspacio6"                                                              ;
+-----------+--------+----------+-------------------------------------------------------------------------------------+
; Port      ; Type   ; Severity ; Details                                                                             ;
+-----------+--------+----------+-------------------------------------------------------------------------------------+
; rtcseguni ; Output ; Info     ; Connected to dangling logic. Logic that only feeds a dangling port will be removed. ;
; rtcsegdec ; Output ; Info     ; Connected to dangling logic. Logic that only feeds a dangling port will be removed. ;
+-----------+--------+----------+-------------------------------------------------------------------------------------+


+---------------------------------------------------------------------------------------------------------------------+
; Port Connectivity Checks: "Parqueadero:ConteoEspacio5"                                                              ;
+-----------+--------+----------+-------------------------------------------------------------------------------------+
; Port      ; Type   ; Severity ; Details                                                                             ;
+-----------+--------+----------+-------------------------------------------------------------------------------------+
; rtcseguni ; Output ; Info     ; Connected to dangling logic. Logic that only feeds a dangling port will be removed. ;
; rtcsegdec ; Output ; Info     ; Connected to dangling logic. Logic that only feeds a dangling port will be removed. ;
+-----------+--------+----------+-------------------------------------------------------------------------------------+


+---------------------------------------------------------------------------------------------------------------------+
; Port Connectivity Checks: "Parqueadero:ConteoEspacio4"                                                              ;
+-----------+--------+----------+-------------------------------------------------------------------------------------+
; Port      ; Type   ; Severity ; Details                                                                             ;
+-----------+--------+----------+-------------------------------------------------------------------------------------+
; rtcseguni ; Output ; Info     ; Connected to dangling logic. Logic that only feeds a dangling port will be removed. ;
; rtcsegdec ; Output ; Info     ; Connected to dangling logic. Logic that only feeds a dangling port will be removed. ;
+-----------+--------+----------+-------------------------------------------------------------------------------------+


+---------------------------------------------------------------------------------------------------------------------+
; Port Connectivity Checks: "Parqueadero:ConteoEspacio3"                                                              ;
+-----------+--------+----------+-------------------------------------------------------------------------------------+
; Port      ; Type   ; Severity ; Details                                                                             ;
+-----------+--------+----------+-------------------------------------------------------------------------------------+
; rtcseguni ; Output ; Info     ; Connected to dangling logic. Logic that only feeds a dangling port will be removed. ;
; rtcsegdec ; Output ; Info     ; Connected to dangling logic. Logic that only feeds a dangling port will be removed. ;
+-----------+--------+----------+-------------------------------------------------------------------------------------+


+---------------------------------------------------------------------------------------------------------------------+
; Port Connectivity Checks: "Parqueadero:ConteoEspacio2"                                                              ;
+-----------+--------+----------+-------------------------------------------------------------------------------------+
; Port      ; Type   ; Severity ; Details                                                                             ;
+-----------+--------+----------+-------------------------------------------------------------------------------------+
; rtcseguni ; Output ; Info     ; Connected to dangling logic. Logic that only feeds a dangling port will be removed. ;
; rtcsegdec ; Output ; Info     ; Connected to dangling logic. Logic that only feeds a dangling port will be removed. ;
+-----------+--------+----------+-------------------------------------------------------------------------------------+


+---------------------------------------------------------------------------------------------------------------------+
; Port Connectivity Checks: "Parqueadero:ConteoEspacio1"                                                              ;
+-----------+--------+----------+-------------------------------------------------------------------------------------+
; Port      ; Type   ; Severity ; Details                                                                             ;
+-----------+--------+----------+-------------------------------------------------------------------------------------+
; rtcseguni ; Output ; Info     ; Connected to dangling logic. Logic that only feeds a dangling port will be removed. ;
; rtcsegdec ; Output ; Info     ; Connected to dangling logic. Logic that only feeds a dangling port will be removed. ;
+-----------+--------+----------+-------------------------------------------------------------------------------------+


+---------------------------------------------------------------------------------------------------------------------+
; Port Connectivity Checks: "DivFreq:ContrasenaFallida"                                                               ;
+-----------+--------+----------+-------------------------------------------------------------------------------------+
; Port      ; Type   ; Severity ; Details                                                                             ;
+-----------+--------+----------+-------------------------------------------------------------------------------------+
; contador2 ; Output ; Info     ; Connected to dangling logic. Logic that only feeds a dangling port will be removed. ;
+-----------+--------+----------+-------------------------------------------------------------------------------------+


+------------------------------------------------------------------------------------------------------------------------+
; Port Connectivity Checks: "DivFreq:PuertaAbiertaCiertoTiempo"                                                          ;
+--------------+--------+----------+-------------------------------------------------------------------------------------+
; Port         ; Type   ; Severity ; Details                                                                             ;
+--------------+--------+----------+-------------------------------------------------------------------------------------+
; contador2[3] ; Output ; Info     ; Connected to dangling logic. Logic that only feeds a dangling port will be removed. ;
+--------------+--------+----------+-------------------------------------------------------------------------------------+


+-------------------------------+
; Elapsed Time Per Partition    ;
+----------------+--------------+
; Partition Name ; Elapsed Time ;
+----------------+--------------+
; Top            ; 00:00:00     ;
+----------------+--------------+


+-------------------------------+
; Analysis & Synthesis Messages ;
+-------------------------------+
Info: *******************************************************************
Info: Running Quartus II 64-Bit Analysis & Synthesis
    Info: Version 13.1.0 Build 162 10/23/2013 SJ Web Edition
    Info: Processing started: Tue Jun 13 17:43:07 2023
Info: Command: quartus_map --read_settings_files=on --write_settings_files=off ParteParqueadero -c ParteParqueadero
Warning (20028): Parallel compilation is not licensed and has been disabled
Info (12021): Found 2 design units, including 1 entities, in source file /u/vhdl/parcialacttwo/partesparcial3/bcd7seg.vhd
    Info (12022): Found design unit 1: BCD7seg-Arquitecto
    Info (12023): Found entity 1: BCD7seg
Info (12021): Found 2 design units, including 1 entities, in source file /u/vhdl/parcialacttwo/contado5min/contador5minutos.vhd
    Info (12022): Found design unit 1: Contador5minutos-Parque
    Info (12023): Found entity 1: Contador5minutos
Info (12021): Found 2 design units, including 1 entities, in source file /u/vhdl/parcialacttwo/parcial/parqueadero.vhd
    Info (12022): Found design unit 1: Parqueadero-Parque
    Info (12023): Found entity 1: Parqueadero
Info (12021): Found 2 design units, including 1 entities, in source file /u/vhdl/parcialacttwo/divfreq/divfreq.vhd
    Info (12022): Found design unit 1: DivFreq-Parque
    Info (12023): Found entity 1: DivFreq
Info (12021): Found 2 design units, including 1 entities, in source file parteparqueadero.vhd
    Info (12022): Found design unit 1: ParteParqueadero-arq
    Info (12023): Found entity 1: ParteParqueadero
Info (12127): Elaborating entity "ParteParqueadero" for the top level hierarchy
Warning (10036): Verilog HDL or VHDL warning at ParteParqueadero.vhd(42): object "ContadorContrasena10seg" assigned a value but never read
Warning (10541): VHDL Signal Declaration warning at ParteParqueadero.vhd(46): used implicit default value for signal "Lleno" because signal was never assigned a value or an explicit default value. Use of implicit default value may introduce unintended design optimizations.
Warning (10036): Verilog HDL or VHDL warning at ParteParqueadero.vhd(54): object "RTCsegUni1" assigned a value but never read
Warning (10036): Verilog HDL or VHDL warning at ParteParqueadero.vhd(55): object "RTCsegDec1" assigned a value but never read
Warning (10036): Verilog HDL or VHDL warning at ParteParqueadero.vhd(57): object "RTCsegUni2" assigned a value but never read
Warning (10036): Verilog HDL or VHDL warning at ParteParqueadero.vhd(58): object "RTCsegDec2" assigned a value but never read
Warning (10036): Verilog HDL or VHDL warning at ParteParqueadero.vhd(60): object "RTCsegUni3" assigned a value but never read
Warning (10036): Verilog HDL or VHDL warning at ParteParqueadero.vhd(61): object "RTCsegDec3" assigned a value but never read
Warning (10036): Verilog HDL or VHDL warning at ParteParqueadero.vhd(63): object "RTCsegUni4" assigned a value but never read
Warning (10036): Verilog HDL or VHDL warning at ParteParqueadero.vhd(64): object "RTCsegDec4" assigned a value but never read
Warning (10036): Verilog HDL or VHDL warning at ParteParqueadero.vhd(66): object "RTCsegUni5" assigned a value but never read
Warning (10036): Verilog HDL or VHDL warning at ParteParqueadero.vhd(67): object "RTCsegDec5" assigned a value but never read
Warning (10036): Verilog HDL or VHDL warning at ParteParqueadero.vhd(69): object "RTCsegUni6" assigned a value but never read
Warning (10036): Verilog HDL or VHDL warning at ParteParqueadero.vhd(70): object "RTCsegDec6" assigned a value but never read
Warning (10036): Verilog HDL or VHDL warning at ParteParqueadero.vhd(72): object "RTCsegUni7" assigned a value but never read
Warning (10036): Verilog HDL or VHDL warning at ParteParqueadero.vhd(73): object "RTCsegDec7" assigned a value but never read
Warning (10036): Verilog HDL or VHDL warning at ParteParqueadero.vhd(75): object "RTCsegUni8" assigned a value but never read
Warning (10036): Verilog HDL or VHDL warning at ParteParqueadero.vhd(76): object "RTCsegDec8" assigned a value but never read
Warning (10036): Verilog HDL or VHDL warning at ParteParqueadero.vhd(79): object "Costo1" assigned a value but never read
Warning (10036): Verilog HDL or VHDL warning at ParteParqueadero.vhd(80): object "Costo2" assigned a value but never read
Warning (10036): Verilog HDL or VHDL warning at ParteParqueadero.vhd(81): object "Costo3" assigned a value but never read
Warning (10036): Verilog HDL or VHDL warning at ParteParqueadero.vhd(82): object "Costo4" assigned a value but never read
Warning (10036): Verilog HDL or VHDL warning at ParteParqueadero.vhd(83): object "Costo5" assigned a value but never read
Warning (10036): Verilog HDL or VHDL warning at ParteParqueadero.vhd(84): object "Costo6" assigned a value but never read
Warning (10036): Verilog HDL or VHDL warning at ParteParqueadero.vhd(85): object "Costo7" assigned a value but never read
Warning (10036): Verilog HDL or VHDL warning at ParteParqueadero.vhd(86): object "Costo8" assigned a value but never read
Warning (10492): VHDL Process Statement warning at ParteParqueadero.vhd(161): signal "Lleno" is read inside the Process Statement but isn't in the Process Statement's sensitivity list
Warning (10492): VHDL Process Statement warning at ParteParqueadero.vhd(267): signal "Correcta" is read inside the Process Statement but isn't in the Process Statement's sensitivity list
Warning (10492): VHDL Process Statement warning at ParteParqueadero.vhd(267): signal "incorrecta" is read inside the Process Statement but isn't in the Process Statement's sensitivity list
Warning (10492): VHDL Process Statement warning at ParteParqueadero.vhd(294): signal "conteoPuerta" is read inside the Process Statement but isn't in the Process Statement's sensitivity list
Warning (10492): VHDL Process Statement warning at ParteParqueadero.vhd(310): signal "ConteoFalla" is read inside the Process Statement but isn't in the Process Statement's sensitivity list
Warning (10631): VHDL Process Statement warning at ParteParqueadero.vhd(251): inferring latch(es) for signal or variable "MomentoContra", which holds its previous value in one or more paths through the process
Warning (10631): VHDL Process Statement warning at ParteParqueadero.vhd(251): inferring latch(es) for signal or variable "BeginContarPuerta", which holds its previous value in one or more paths through the process
Warning (10631): VHDL Process Statement warning at ParteParqueadero.vhd(251): inferring latch(es) for signal or variable "AbrirPuerta", which holds its previous value in one or more paths through the process
Warning (10631): VHDL Process Statement warning at ParteParqueadero.vhd(251): inferring latch(es) for signal or variable "CerrarPuerta", which holds its previous value in one or more paths through the process
Warning (10492): VHDL Process Statement warning at ParteParqueadero.vhd(322): signal "MomentoContra" is read inside the Process Statement but isn't in the Process Statement's sensitivity list
Warning (10492): VHDL Process Statement warning at ParteParqueadero.vhd(357): signal "ConteoFalla" is read inside the Process Statement but isn't in the Process Statement's sensitivity list
Warning (10492): VHDL Process Statement warning at ParteParqueadero.vhd(395): signal "ConteoFalla" is read inside the Process Statement but isn't in the Process Statement's sensitivity list
Warning (10631): VHDL Process Statement warning at ParteParqueadero.vhd(366): inferring latch(es) for signal or variable "BeginContarFallo", which holds its previous value in one or more paths through the process
Warning (10492): VHDL Process Statement warning at ParteParqueadero.vhd(419): signal "ContadorPuerta3Seg" is read inside the Process Statement but isn't in the Process Statement's sensitivity list
Warning (10492): VHDL Process Statement warning at ParteParqueadero.vhd(434): signal "Reset" is read inside the Process Statement but isn't in the Process Statement's sensitivity list
Warning (10492): VHDL Process Statement warning at ParteParqueadero.vhd(438): signal "Espacios" is read inside the Process Statement but isn't in the Process Statement's sensitivity list
Warning (10492): VHDL Process Statement warning at ParteParqueadero.vhd(441): signal "Espacios" is read inside the Process Statement but isn't in the Process Statement's sensitivity list
Warning (10631): VHDL Process Statement warning at ParteParqueadero.vhd(430): inferring latch(es) for signal or variable "Espacios", which holds its previous value in one or more paths through the process
Warning (10492): VHDL Process Statement warning at ParteParqueadero.vhd(458): signal "Reset" is read inside the Process Statement but isn't in the Process Statement's sensitivity list
Warning (10492): VHDL Process Statement warning at ParteParqueadero.vhd(462): signal "EspaciosOcupados" is read inside the Process Statement but isn't in the Process Statement's sensitivity list
Warning (10492): VHDL Process Statement warning at ParteParqueadero.vhd(464): signal "EspaciosOcupados" is read inside the Process Statement but isn't in the Process Statement's sensitivity list
Warning (10492): VHDL Process Statement warning at ParteParqueadero.vhd(466): signal "EspaciosOcupados" is read inside the Process Statement but isn't in the Process Statement's sensitivity list
Warning (10492): VHDL Process Statement warning at ParteParqueadero.vhd(468): signal "EspaciosOcupados" is read inside the Process Statement but isn't in the Process Statement's sensitivity list
Warning (10492): VHDL Process Statement warning at ParteParqueadero.vhd(470): signal "EspaciosOcupados" is read inside the Process Statement but isn't in the Process Statement's sensitivity list
Warning (10492): VHDL Process Statement warning at ParteParqueadero.vhd(472): signal "EspaciosOcupados" is read inside the Process Statement but isn't in the Process Statement's sensitivity list
Warning (10492): VHDL Process Statement warning at ParteParqueadero.vhd(474): signal "EspaciosOcupados" is read inside the Process Statement but isn't in the Process Statement's sensitivity list
Warning (10492): VHDL Process Statement warning at ParteParqueadero.vhd(476): signal "EspaciosOcupados" is read inside the Process Statement but isn't in the Process Statement's sensitivity list
Warning (10492): VHDL Process Statement warning at ParteParqueadero.vhd(481): signal "EspaciosOcupados" is read inside the Process Statement but isn't in the Process Statement's sensitivity list
Warning (10492): VHDL Process Statement warning at ParteParqueadero.vhd(481): signal "Muestra" is read inside the Process Statement but isn't in the Process Statement's sensitivity list
Warning (10492): VHDL Process Statement warning at ParteParqueadero.vhd(482): signal "Muestra" is read inside the Process Statement but isn't in the Process Statement's sensitivity list
Warning (10631): VHDL Process Statement warning at ParteParqueadero.vhd(455): inferring latch(es) for signal or variable "EspaciosOcupados", which holds its previous value in one or more paths through the process
Info (10041): Inferred latch for "EspaciosOcupados[0]" at ParteParqueadero.vhd(455)
Info (10041): Inferred latch for "EspaciosOcupados[1]" at ParteParqueadero.vhd(455)
Info (10041): Inferred latch for "EspaciosOcupados[2]" at ParteParqueadero.vhd(455)
Info (10041): Inferred latch for "EspaciosOcupados[3]" at ParteParqueadero.vhd(455)
Info (10041): Inferred latch for "EspaciosOcupados[4]" at ParteParqueadero.vhd(455)
Info (10041): Inferred latch for "EspaciosOcupados[5]" at ParteParqueadero.vhd(455)
Info (10041): Inferred latch for "EspaciosOcupados[6]" at ParteParqueadero.vhd(455)
Info (10041): Inferred latch for "EspaciosOcupados[7]" at ParteParqueadero.vhd(455)
Info (10041): Inferred latch for "Espacios[0]" at ParteParqueadero.vhd(430)
Info (10041): Inferred latch for "Espacios[1]" at ParteParqueadero.vhd(430)
Info (10041): Inferred latch for "Espacios[2]" at ParteParqueadero.vhd(430)
Info (10041): Inferred latch for "Espacios[3]" at ParteParqueadero.vhd(430)
Info (10041): Inferred latch for "BeginContarFallo" at ParteParqueadero.vhd(366)
Info (10041): Inferred latch for "CerrarPuerta" at ParteParqueadero.vhd(251)
Info (10041): Inferred latch for "AbrirPuerta" at ParteParqueadero.vhd(251)
Info (10041): Inferred latch for "BeginContarPuerta" at ParteParqueadero.vhd(251)
Info (10041): Inferred latch for "MomentoContra" at ParteParqueadero.vhd(251)
Info (12128): Elaborating entity "DivFreq" for hierarchy "DivFreq:PuertaAbiertaCiertoTiempo"
Warning (10492): VHDL Process Statement warning at DivFreq.vhd(20): signal "Enable" is read inside the Process Statement but isn't in the Process Statement's sensitivity list
Info (12128): Elaborating entity "Parqueadero" for hierarchy "Parqueadero:ConteoEspacio1"
Warning (10492): VHDL Process Statement warning at Parqueadero.vhd(24): signal "Sigue" is read inside the Process Statement but isn't in the Process Statement's sensitivity list
Warning (10492): VHDL Process Statement warning at Parqueadero.vhd(44): signal "Sigue" is read inside the Process Statement but isn't in the Process Statement's sensitivity list
Warning (10492): VHDL Process Statement warning at Parqueadero.vhd(45): signal "Clk" is read inside the Process Statement but isn't in the Process Statement's sensitivity list
Info (12128): Elaborating entity "Contador5minutos" for hierarchy "Contador5minutos:ConteoCosto1"
Warning (10541): VHDL Signal Declaration warning at Contador5minutos.vhd(10): used implicit default value for signal "DefUni" because signal was never assigned a value or an explicit default value. Use of implicit default value may introduce unintended design optimizations.
Warning (10541): VHDL Signal Declaration warning at Contador5minutos.vhd(11): used implicit default value for signal "DefDec" because signal was never assigned a value or an explicit default value. Use of implicit default value may introduce unintended design optimizations.
Warning (10541): VHDL Signal Declaration warning at Contador5minutos.vhd(12): used implicit default value for signal "DefCent" because signal was never assigned a value or an explicit default value. Use of implicit default value may introduce unintended design optimizations.
Warning (10036): Verilog HDL or VHDL warning at Contador5minutos.vhd(16): object "SegUni" assigned a value but never read
Warning (10036): Verilog HDL or VHDL warning at Contador5minutos.vhd(17): object "SegDec" assigned a value but never read
Warning (10036): Verilog HDL or VHDL warning at Contador5minutos.vhd(18): object "SegCent" assigned a value but never read
Warning (10492): VHDL Process Statement warning at Contador5minutos.vhd(25): signal "Enable" is read inside the Process Statement but isn't in the Process Statement's sensitivity list
Warning (10631): VHDL Process Statement warning at Contador5minutos.vhd(22): inferring latch(es) for signal or variable "Contador", which holds its previous value in one or more paths through the process
Warning (10492): VHDL Process Statement warning at Contador5minutos.vhd(41): signal "Enable" is read inside the Process Statement but isn't in the Process Statement's sensitivity list
Info (10041): Inferred latch for "Contador[0]" at Contador5minutos.vhd(22)
Info (10041): Inferred latch for "Contador[1]" at Contador5minutos.vhd(22)
Info (10041): Inferred latch for "Contador[2]" at Contador5minutos.vhd(22)
Info (10041): Inferred latch for "Contador[3]" at Contador5minutos.vhd(22)
Info (10041): Inferred latch for "Contador[4]" at Contador5minutos.vhd(22)
Info (12128): Elaborating entity "BCD7seg" for hierarchy "BCD7seg:SieteSegmentosEspacios"
Warning (13012): Latch Espacios[1] has unsafe behavior
    Warning (13013): Ports D and ENA on the latch are fed by the same signal DivFreq:PuertaAbiertaCiertoTiempo|Contador2[2]
Warning (13012): Latch Espacios[2] has unsafe behavior
    Warning (13013): Ports D and ENA on the latch are fed by the same signal DivFreq:PuertaAbiertaCiertoTiempo|Contador2[2]
Warning (13012): Latch Espacios[3] has unsafe behavior
    Warning (13013): Ports D and ENA on the latch are fed by the same signal DivFreq:PuertaAbiertaCiertoTiempo|Contador2[2]
Warning (13012): Latch BeginContarPuerta has unsafe behavior
    Warning (13013): Ports D and ENA on the latch are fed by the same signal ant_state.aprovado
Warning (13024): Output pins are stuck at VCC or GND
    Warning (13410): Pin "SaliSegUni[0]" is stuck at VCC
    Warning (13410): Pin "SaliSegUni[1]" is stuck at GND
    Warning (13410): Pin "SaliSegUni[2]" is stuck at GND
    Warning (13410): Pin "SaliSegUni[3]" is stuck at GND
    Warning (13410): Pin "SaliSegUni[4]" is stuck at GND
    Warning (13410): Pin "SaliSegUni[5]" is stuck at GND
    Warning (13410): Pin "SaliSegUni[6]" is stuck at GND
    Warning (13410): Pin "SaliSegDec[0]" is stuck at VCC
    Warning (13410): Pin "SaliSegDec[1]" is stuck at GND
    Warning (13410): Pin "SaliSegDec[2]" is stuck at GND
    Warning (13410): Pin "SaliSegDec[3]" is stuck at GND
    Warning (13410): Pin "SaliSegDec[4]" is stuck at GND
    Warning (13410): Pin "SaliSegDec[5]" is stuck at GND
    Warning (13410): Pin "SaliSegDec[6]" is stuck at GND
    Warning (13410): Pin "SaliSegCent[0]" is stuck at VCC
    Warning (13410): Pin "SaliSegCent[1]" is stuck at GND
    Warning (13410): Pin "SaliSegCent[2]" is stuck at GND
    Warning (13410): Pin "SaliSegCent[3]" is stuck at GND
    Warning (13410): Pin "SaliSegCent[4]" is stuck at GND
    Warning (13410): Pin "SaliSegCent[5]" is stuck at GND
    Warning (13410): Pin "SaliSegCent[6]" is stuck at GND
Info (286030): Timing-Driven Synthesis is running
Info (17049): 233 registers lost all their fanouts during netlist optimizations.
Info (16010): Generating hard_block partition "hard_block:auto_generated_inst"
    Info (16011): Adding 0 node(s), including 0 DDIO, 0 PLL, 0 transceiver and 0 LCELL
Info (21057): Implemented 169 device resources after synthesis - the final resource count might be different
    Info (21058): Implemented 12 input pins
    Info (21059): Implemented 35 output pins
    Info (21061): Implemented 122 logic cells
Info: Quartus II 64-Bit Analysis & Synthesis was successful. 0 errors, 101 warnings
    Info: Peak virtual memory: 540 megabytes
    Info: Processing ended: Tue Jun 13 17:43:11 2023
    Info: Elapsed time: 00:00:04
    Info: Total CPU time (on all processors): 00:00:02


